<?xml version="1.0" encoding="UTF-8"?>
<!-- Generated by org.testng.reporters.JUnitXMLReporter -->
<testsuite ignored="2" hostname="Lenova_Aug_2024" failures="0" tests="2" name="Group Execution" time="0.11" errors="0" timestamp="2024-11-12T15:41:29 GMT">
  <testcase classname="Group_Execution.Group_Execution" name="FirstTC" time="0.017"/>
  <testcase classname="Group_Execution.Group_Execution" name="ThirdTC" time="0.003"/>
  <testcase classname="Group_Execution.Group_Execution" name="FourthTC" time="0.0">
    <ignored/>
  </testcase> <!-- FourthTC -->
  <testcase classname="Group_Execution.Group_Execution" name="SecondTC" time="0.0">
    <ignored/>
  </testcase> <!-- SecondTC -->
</testsuite> <!-- Group Execution -->
