<?xml version="1.0" encoding="UTF-8"?>
<!-- Generated by org.testng.reporters.JUnitXMLReporter -->
<testsuite ignored="0" hostname="Lenova_Aug_2024" failures="1" tests="4" name="Test On firefox" time="33.293" errors="0" timestamp="2024-11-18T17:36:45 GMT">
  <testcase classname="Execute_Failed_TC.Demo_Listener" name="login" time="1.008">
    <skipped/>
  </testcase> <!-- login -->
  <testcase classname="Execute_Failed_TC.Demo_Listener" name="login" time="0.791">
    <skipped/>
  </testcase> <!-- login -->
  <testcase classname="Execute_Failed_TC.Demo_Listener" name="login" time="0.724">
    <skipped/>
  </testcase> <!-- login -->
  <testcase classname="Execute_Failed_TC.Demo_Listener" name="login" time="0.87">
    <failure type="java.lang.AssertionError" message="expected [true] but found [false]">
      <![CDATA[java.lang.AssertionError: expected [true] but found [false]
at Execute_Failed_TC.Demo_Listener.login(Demo_Listener.java:18)
at java.base/java.util.ArrayList.forEach(ArrayList.java:1597)
... Removed 29 stack frames]]>
    </failure>
  </testcase> <!-- login -->
</testsuite> <!-- Test On firefox -->
