<?xml version="1.0" encoding="UTF-8"?>
<!-- Generated by org.testng.reporters.JUnitXMLReporter -->
<testsuite ignored="0" hostname="Lenova_Aug_2024" failures="1" tests="1" name="Test" time="2.843" errors="0" timestamp="2024-11-18T13:35:06 GMT">
  <testcase classname="Capture_Screenshot.TestcaseVerify" name="LaunchApp" time="2.794">
    <failure type="java.lang.AssertionError" message="The message displayed is not as expected. expected [India00] but found [India]">
      <![CDATA[java.lang.AssertionError: The message displayed is not as expected. expected [India00] but found [India]
at Capture_Screenshot.TestcaseVerify.LaunchApp(TestcaseVerify.java:22)
at java.base/java.util.ArrayList.forEach(ArrayList.java:1597)
... Removed 30 stack frames]]>
    </failure>
  </testcase> <!-- LaunchApp -->
</testsuite> <!-- Test -->
